TN:
SF:src/services/store.ts
FNF:0
FNH:0
DA:1,1
DA:2,1
DA:3,1
DA:4,1
DA:5,1
DA:6,1
DA:7,1
DA:8,1
DA:9,1
DA:10,1
DA:11,1
DA:12,1
DA:13,1
DA:14,1
DA:15,1
DA:16,1
DA:17,1
DA:18,1
DA:19,1
DA:20,1
DA:21,1
DA:22,1
DA:23,1
DA:24,1
DA:25,1
DA:26,1
DA:27,1
DA:28,1
DA:29,1
DA:30,1
DA:31,1
DA:32,1
DA:33,1
DA:34,1
DA:35,1
DA:36,1
DA:37,1
DA:38,1
DA:39,1
DA:40,1
DA:41,1
DA:42,1
LF:42
LH:42
BRF:0
BRH:0
end_of_record
TN:
SF:src/slices/constructorSlice/constructorSlice.ts
FN:18,addBun
FN:22,addIngredient
FN:26,removeIngredient
FN:32,clearConstructor
FN:48,selectConstructorItems
FN:50,selectConstructorBun
FN:52,selectConstructorIngredients
FNF:7
FNH:3
FNDA:1,addBun
FNDA:1,addIngredient
FNDA:1,removeIngredient
FNDA:0,clearConstructor
FNDA:0,selectConstructorItems
FNDA:0,selectConstructorBun
FNDA:0,selectConstructorIngredients
DA:1,1
DA:2,1
DA:3,1
DA:4,1
DA:5,1
DA:6,1
DA:7,1
DA:8,1
DA:9,1
DA:10,1
DA:11,1
DA:12,1
DA:13,1
DA:14,1
DA:15,1
DA:16,1
DA:17,1
DA:18,1
DA:19,1
DA:20,1
DA:21,1
DA:22,1
DA:23,1
DA:24,1
DA:25,1
DA:26,1
DA:27,1
DA:28,1
DA:29,1
DA:30,1
DA:31,1
DA:32,1
DA:33,0
DA:34,0
DA:35,0
DA:36,1
DA:37,1
DA:38,1
DA:39,1
DA:40,1
DA:41,1
DA:42,1
DA:43,1
DA:44,1
DA:45,1
DA:46,1
DA:47,1
DA:48,1
DA:49,0
DA:50,1
DA:51,0
DA:52,1
DA:53,0
LF:53
LH:47
BRDA:18,0,0,1
BRDA:22,1,0,1
BRDA:26,2,0,1
BRDA:28,3,0,3
BRF:4
BRH:4
end_of_record
TN:
SF:src/slices/feedSlice/feedSlice.ts
FN:31,extraReducers
FN:52,selectFeed
FN:54,selectFeedOrders
FN:56,selectFeedTotal
FN:58,selectFeedTotalToday
FN:60,selectFeedLoading
FN:62,selectFeedError
FNF:7
FNH:1
FNDA:1,extraReducers
FNDA:0,selectFeed
FNDA:0,selectFeedOrders
FNDA:0,selectFeedTotal
FNDA:0,selectFeedTotalToday
FNDA:0,selectFeedLoading
FNDA:0,selectFeedError
DA:1,1
DA:2,1
DA:3,1
DA:4,1
DA:5,1
DA:6,1
DA:7,1
DA:8,1
DA:9,1
DA:10,1
DA:11,1
DA:12,1
DA:13,1
DA:14,1
DA:15,1
DA:16,1
DA:17,1
DA:18,1
DA:19,1
DA:20,1
DA:21,0
DA:22,0
DA:23,0
DA:24,1
DA:25,1
DA:26,1
DA:27,1
DA:28,1
DA:29,1
DA:30,1
DA:31,1
DA:32,1
DA:33,1
DA:34,1
DA:35,1
DA:36,1
DA:37,1
DA:38,1
DA:39,1
DA:40,1
DA:41,1
DA:42,1
DA:43,1
DA:44,1
DA:45,1
DA:46,1
DA:47,1
DA:48,1
DA:49,1
DA:50,1
DA:51,1
DA:52,1
DA:53,0
DA:54,1
DA:55,0
DA:56,1
DA:57,0
DA:58,1
DA:59,0
DA:60,1
DA:61,0
DA:62,1
DA:63,0
LF:63
LH:54
BRDA:31,0,0,1
BRDA:33,1,0,1
BRDA:37,2,0,1
BRDA:43,3,0,1
BRDA:45,4,0,0
BRF:5
BRH:4
end_of_record
TN:
SF:src/slices/ingredientsSlice/ingredientsSlice.ts
FN:37,getIngredientById
FN:43,extraReducers
FN:68,selectIngredients
FN:71,selectBuns
FN:73,selectMains
FN:75,selectSauces
FN:77,selectCurrentIngredient
FN:79,selectIngredientsLoading
FN:81,selectIngredientsError
FNF:9
FNH:1
FNDA:0,getIngredientById
FNDA:1,extraReducers
FNDA:0,selectIngredients
FNDA:0,selectBuns
FNDA:0,selectMains
FNDA:0,selectSauces
FNDA:0,selectCurrentIngredient
FNDA:0,selectIngredientsLoading
FNDA:0,selectIngredientsError
DA:1,1
DA:2,1
DA:3,1
DA:4,1
DA:5,1
DA:6,1
DA:7,1
DA:8,1
DA:9,1
DA:10,1
DA:11,1
DA:12,1
DA:13,1
DA:14,1
DA:15,1
DA:16,1
DA:17,1
DA:18,1
DA:19,1
DA:20,1
DA:21,1
DA:22,1
DA:23,1
DA:24,1
DA:25,1
DA:26,1
DA:27,1
DA:28,0
DA:29,0
DA:30,0
DA:31,1
DA:32,1
DA:33,1
DA:34,1
DA:35,1
DA:36,1
DA:37,1
DA:38,0
DA:39,0
DA:40,0
DA:41,0
DA:42,1
DA:43,1
DA:44,1
DA:45,1
DA:46,1
DA:47,1
DA:48,1
DA:49,1
DA:50,1
DA:51,1
DA:52,1
DA:53,1
DA:54,1
DA:55,1
DA:56,1
DA:57,1
DA:58,1
DA:59,1
DA:60,1
DA:61,1
DA:62,1
DA:63,1
DA:64,1
DA:65,1
DA:66,1
DA:67,1
DA:68,1
DA:69,0
DA:70,1
DA:71,1
DA:72,0
DA:73,1
DA:74,0
DA:75,1
DA:76,0
DA:77,1
DA:78,0
DA:79,1
DA:80,0
DA:81,1
DA:82,0
LF:82
LH:68
BRDA:43,0,0,1
BRDA:45,1,0,1
BRDA:49,2,0,1
BRDA:53,3,0,2
BRDA:54,4,0,2
BRDA:55,5,0,2
BRDA:57,6,0,1
BRDA:59,7,0,0
BRF:8
BRH:7
end_of_record
TN:
SF:src/slices/orderBurgerSlice/orderBurgerSlice.ts
FN:32,clearOrder
FN:38,extraReducers
FN:59,selectOrderName
FN:61,selectOrderModalData
FN:63,selectOrderRequest
FN:65,selectOrderError
FNF:6
FNH:1
FNDA:0,clearOrder
FNDA:1,extraReducers
FNDA:0,selectOrderName
FNDA:0,selectOrderModalData
FNDA:0,selectOrderRequest
FNDA:0,selectOrderError
DA:1,1
DA:2,1
DA:3,1
DA:4,1
DA:5,1
DA:6,1
DA:7,1
DA:8,1
DA:9,1
DA:10,1
DA:11,1
DA:12,1
DA:13,1
DA:14,1
DA:15,1
DA:16,1
DA:17,1
DA:18,1
DA:19,1
DA:20,1
DA:21,1
DA:22,1
DA:23,0
DA:24,0
DA:25,0
DA:26,1
DA:27,1
DA:28,1
DA:29,1
DA:30,1
DA:31,1
DA:32,1
DA:33,0
DA:34,0
DA:35,0
DA:36,0
DA:37,1
DA:38,1
DA:39,1
DA:40,1
DA:41,1
DA:42,1
DA:43,1
DA:44,1
DA:45,1
DA:46,1
DA:47,1
DA:48,1
DA:49,1
DA:50,1
DA:51,1
DA:52,1
DA:53,1
DA:54,1
DA:55,1
DA:56,1
DA:57,1
DA:58,1
DA:59,1
DA:60,0
DA:61,1
DA:62,0
DA:63,1
DA:64,0
DA:65,1
DA:66,0
LF:66
LH:55
BRDA:38,0,0,1
BRDA:40,1,0,1
BRDA:44,2,0,1
BRDA:49,3,0,1
BRDA:51,4,0,0
BRF:5
BRH:4
end_of_record
TN:
SF:src/slices/orderSearchSlice/orderSearchSlice.ts
FN:30,extraReducers
FN:49,selectOrderSearch
FN:51,selectOrderDetailsLoading
FN:53,selectOrderDetailsError
FNF:4
FNH:1
FNDA:1,extraReducers
FNDA:0,selectOrderSearch
FNDA:0,selectOrderDetailsLoading
FNDA:0,selectOrderDetailsError
DA:1,1
DA:2,1
DA:3,1
DA:4,1
DA:5,1
DA:6,1
DA:7,1
DA:8,1
DA:9,1
DA:10,1
DA:11,1
DA:12,1
DA:13,1
DA:14,1
DA:15,1
DA:16,1
DA:17,1
DA:18,1
DA:19,1
DA:20,0
DA:21,0
DA:22,0
DA:23,1
DA:24,1
DA:25,1
DA:26,1
DA:27,1
DA:28,1
DA:29,1
DA:30,1
DA:31,1
DA:32,1
DA:33,1
DA:34,1
DA:35,1
DA:36,1
DA:37,1
DA:38,1
DA:39,1
DA:40,1
DA:41,1
DA:42,1
DA:43,1
DA:44,1
DA:45,1
DA:46,1
DA:47,1
DA:48,1
DA:49,1
DA:50,0
DA:51,1
DA:52,0
DA:53,1
DA:54,0
LF:54
LH:48
BRDA:30,0,0,1
BRDA:32,1,0,1
BRDA:36,2,0,1
BRDA:40,3,0,1
BRDA:42,4,0,0
BRF:5
BRH:4
end_of_record
TN:
SF:src/slices/ordersSlice/ordersSlice.ts
FN:30,extraReducers
FN:49,selectOrders
FN:51,selectOrdersLoading
FN:53,selectOrdersError
FNF:4
FNH:1
FNDA:1,extraReducers
FNDA:0,selectOrders
FNDA:0,selectOrdersLoading
FNDA:0,selectOrdersError
DA:1,1
DA:2,1
DA:3,1
DA:4,1
DA:5,1
DA:6,1
DA:7,1
DA:8,1
DA:9,1
DA:10,1
DA:11,1
DA:12,1
DA:13,1
DA:14,1
DA:15,1
DA:16,1
DA:17,1
DA:18,1
DA:19,1
DA:20,0
DA:21,0
DA:22,0
DA:23,1
DA:24,1
DA:25,1
DA:26,1
DA:27,1
DA:28,1
DA:29,1
DA:30,1
DA:31,1
DA:32,1
DA:33,1
DA:34,1
DA:35,1
DA:36,1
DA:37,1
DA:38,1
DA:39,1
DA:40,1
DA:41,1
DA:42,1
DA:43,1
DA:44,1
DA:45,1
DA:46,1
DA:47,1
DA:48,1
DA:49,1
DA:50,0
DA:51,1
DA:52,0
DA:53,1
DA:54,0
LF:54
LH:48
BRDA:30,0,0,1
BRDA:32,1,0,1
BRDA:36,2,0,1
BRDA:40,3,0,1
BRDA:42,4,0,0
BRF:5
BRH:4
end_of_record
TN:
SF:src/slices/passwordSlice/passwordSlice.ts
FN:36,setNewPassword
FN:40,extraReducers
FN:74,selectPassword
FN:76,selectPasswordLoading
FN:78,selectPasswordError
FNF:5
FNH:1
FNDA:0,setNewPassword
FNDA:1,extraReducers
FNDA:0,selectPassword
FNDA:0,selectPasswordLoading
FNDA:0,selectPasswordError
DA:1,1
DA:2,1
DA:3,1
DA:4,1
DA:5,1
DA:6,1
DA:7,1
DA:8,1
DA:9,1
DA:10,1
DA:11,1
DA:12,1
DA:13,1
DA:14,1
DA:15,1
DA:16,1
DA:17,1
DA:18,1
DA:19,0
DA:20,0
DA:21,0
DA:22,1
DA:23,1
DA:24,1
DA:25,1
DA:26,1
DA:27,0
DA:28,0
DA:29,0
DA:30,1
DA:31,1
DA:32,1
DA:33,1
DA:34,1
DA:35,1
DA:36,1
DA:37,0
DA:38,0
DA:39,1
DA:40,1
DA:41,1
DA:42,1
DA:43,1
DA:44,1
DA:45,1
DA:46,1
DA:47,1
DA:48,1
DA:49,1
DA:50,1
DA:51,1
DA:52,1
DA:53,1
DA:54,1
DA:55,1
DA:56,1
DA:57,1
DA:58,1
DA:59,1
DA:60,1
DA:61,1
DA:62,1
DA:63,1
DA:64,1
DA:65,1
DA:66,1
DA:67,1
DA:68,1
DA:69,1
DA:70,1
DA:71,1
DA:72,1
DA:73,1
DA:74,1
DA:75,0
DA:76,1
DA:77,0
DA:78,1
DA:79,0
LF:79
LH:68
BRDA:40,0,0,1
BRDA:42,1,0,1
BRDA:46,2,0,1
BRDA:48,3,0,0
BRDA:50,4,0,1
BRDA:55,5,0,1
BRDA:59,6,0,1
BRDA:61,7,0,0
BRDA:63,8,0,1
BRF:9
BRH:7
end_of_record
TN:
SF:src/slices/userSlice/userSlice.ts
FN:80,extraReducers
FN:174,selectUser
FN:176,selectIsAuthChecked
FN:178,selectIsAuthenticated
FN:180,selectUserRequest
FN:182,selectUserError
FNF:6
FNH:1
FNDA:1,extraReducers
FNDA:0,selectUser
FNDA:0,selectIsAuthChecked
FNDA:0,selectIsAuthenticated
FNDA:0,selectUserRequest
FNDA:0,selectUserError
DA:1,1
DA:2,1
DA:3,1
DA:4,1
DA:5,1
DA:6,1
DA:7,1
DA:8,1
DA:9,1
DA:10,1
DA:11,1
DA:12,1
DA:13,1
DA:14,1
DA:15,1
DA:16,1
DA:17,1
DA:18,1
DA:19,1
DA:20,1
DA:21,1
DA:22,1
DA:23,1
DA:24,1
DA:25,0
DA:26,0
DA:27,0
DA:28,0
DA:29,0
DA:30,0
DA:31,0
DA:32,1
DA:33,1
DA:34,1
DA:35,1
DA:36,1
DA:37,0
DA:38,0
DA:39,0
DA:40,0
DA:41,0
DA:42,0
DA:43,0
DA:44,1
DA:45,1
DA:46,1
DA:47,1
DA:48,1
DA:49,0
DA:50,0
DA:51,0
DA:52,1
DA:53,1
DA:54,1
DA:55,1
DA:56,1
DA:57,0
DA:58,0
DA:59,0
DA:60,1
DA:61,1
DA:62,1
DA:63,1
DA:64,1
DA:65,0
DA:66,0
DA:67,0
DA:68,0
DA:69,0
DA:70,0
DA:71,0
DA:72,1
DA:73,1
DA:74,1
DA:75,1
DA:76,1
DA:77,1
DA:78,1
DA:79,1
DA:80,1
DA:81,1
DA:82,1
DA:83,1
DA:84,1
DA:85,1
DA:86,1
DA:87,1
DA:88,1
DA:89,1
DA:90,1
DA:91,1
DA:92,1
DA:93,1
DA:94,1
DA:95,1
DA:96,1
DA:97,1
DA:98,1
DA:99,1
DA:100,1
DA:101,1
DA:102,1
DA:103,1
DA:104,1
DA:105,1
DA:106,1
DA:107,1
DA:108,1
DA:109,1
DA:110,1
DA:111,1
DA:112,1
DA:113,1
DA:114,1
DA:115,1
DA:116,1
DA:117,1
DA:118,1
DA:119,1
DA:120,1
DA:121,1
DA:122,1
DA:123,1
DA:124,1
DA:125,1
DA:126,1
DA:127,1
DA:128,1
DA:129,1
DA:130,1
DA:131,1
DA:132,1
DA:133,1
DA:134,1
DA:135,1
DA:136,1
DA:137,1
DA:138,1
DA:139,1
DA:140,1
DA:141,1
DA:142,1
DA:143,1
DA:144,1
DA:145,1
DA:146,1
DA:147,1
DA:148,1
DA:149,1
DA:150,1
DA:151,1
DA:152,1
DA:153,1
DA:154,1
DA:155,1
DA:156,1
DA:157,1
DA:158,1
DA:159,1
DA:160,1
DA:161,1
DA:162,1
DA:163,1
DA:164,1
DA:165,1
DA:166,1
DA:167,1
DA:168,1
DA:169,1
DA:170,1
DA:171,1
DA:172,1
DA:173,1
DA:174,1
DA:175,0
DA:176,1
DA:177,0
DA:178,1
DA:179,0
DA:180,1
DA:181,0
DA:182,1
DA:183,0
LF:183
LH:151
BRDA:80,0,0,1
BRDA:82,1,0,1
BRDA:86,2,0,1
BRDA:88,3,0,0
BRDA:92,4,0,1
BRDA:99,5,0,1
BRDA:103,6,0,1
BRDA:105,7,0,0
BRDA:109,8,0,1
BRDA:116,9,0,1
BRDA:120,10,0,1
BRDA:122,11,0,0
BRDA:126,12,0,1
BRDA:133,13,0,1
BRDA:137,14,0,1
BRDA:139,15,0,0
BRDA:143,16,0,1
BRDA:151,17,0,1
BRDA:155,18,0,1
BRDA:157,19,0,0
BRDA:161,20,0,1
BRF:21
BRH:16
end_of_record
